[INFO   ] Logger: Record log in /storage/emulated/0/documents/Python/News/.kivy/logs/kivy_22-10-19_65.txt
[INFO   ] Kivy: v2.0.0
[INFO   ] Kivy: Installed at "/data/user/0/ru.iiec.pydroid3/files/aarch64-linux-android/lib/python3.9/site-packages/kivy/__init__.py"
[INFO   ] Python: v3.9.7 (default, Oct  6 2021, 01:34:26) 
[GCC 11.1.0]
[INFO   ] Python: Interpreter at "/data/user/0/ru.iiec.pydroid3/files/aarch64-linux-android/bin/python3"
[INFO   ] Image: Providers: img_tex, img_dds, img_sdl2, img_pil (img_ffpyplayer ignored)
[INFO   ] Text: Provider: sdl2
[INFO   ] KivyMD: 1.1.1, git-Unknown, 2022-10-18 (installed at "/data/user/0/ru.iiec.pydroid3/files/aarch64-linux-android/lib/python3.9/site-packages/kivymd/__init__.py")
[INFO   ] Factory: 186 symbols loaded
[INFO   ] Window: Provider: sdl2
[INFO   ] GL: Using the "OpenGL ES 2" graphics system
[INFO   ] GL: Backend used <sdl2>
[INFO   ] GL: OpenGL version <b'OpenGL ES 3.2 V@0502.0 (GIT@3142bdd, I7afe4835b7, 1600272223) (Date:09/16/20)'>
[INFO   ] GL: OpenGL vendor <b'Qualcomm'>
[INFO   ] GL: OpenGL renderer <b'Adreno (TM) 618'>
[INFO   ] GL: OpenGL parsed version: 3, 2
[INFO   ] GL: Texture max size <16384>
[INFO   ] GL: Texture max units <16>
[INFO   ] Window: auto add sdl2 input provider
[INFO   ] Window: virtual keyboard not allowed, single mode, not docked
[WARNING] stderr: Traceback (most recent call last):
[WARNING] stderr:   File "/data/user/0/ru.iiec.pydroid3/files/aarch64-linux-android/lib/python3.9/site-packages/kivy/lang/builder.py", line 242, in create_handler
[WARNING] stderr:     return eval(value, idmap), bound_list
[WARNING] stderr:   File "/storage/emulated/0/documents/Python/News/kv/homeScreen.kv", line 60, in <module>
[WARNING] stderr:     height: root.minimum_height
[WARNING] stderr:   File "kivy/weakproxy.pyx", line 32, in kivy.weakproxy.WeakProxy.__getattr__
[WARNING] stderr: AttributeError: 'HomeScreen' object has no attribute 'minimum_height'
[WARNING] stderr: 
[WARNING] stderr: During handling of the above exception, another exception occurred:
[WARNING] stderr: 
[WARNING] stderr: Traceback (most recent call last):
[WARNING] stderr:   File "/data/user/0/ru.iiec.pydroid3/files/aarch64-linux-android/lib/python3.9/site-packages/kivy/lang/builder.py", line 695, in _apply_rule
[WARNING] stderr:     value, bound = create_handler(
[WARNING] stderr:   File "/data/user/0/ru.iiec.pydroid3/files/aarch64-linux-android/lib/python3.9/site-packages/kivy/lang/builder.py", line 245, in create_handler
[WARNING] stderr:     raise BuilderException(rule.ctx, rule.line,
[WARNING] stderr: kivy.lang.builder.BuilderException: Parser: File "/storage/emulated/0/documents/Python/News/kv/homeScreen.kv", line 60:
[WARNING] stderr: ...
[WARNING] stderr:      58:                    orientation: 'vertical'
[WARNING] stderr:      59:                    adaptive_height: True
[WARNING] stderr: >>   60:					height: root.minimum_height
[WARNING] stderr:      61:
[WARNING] stderr:      62:                    MDScrollView:
[WARNING] stderr: ...
[WARNING] stderr: AttributeError: 'HomeScreen' object has no attribute 'minimum_height'
[WARNING] stderr:   File "/data/user/0/ru.iiec.pydroid3/files/aarch64-linux-android/lib/python3.9/site-packages/kivy/lang/builder.py", line 242, in create_handler
[WARNING] stderr:     return eval(value, idmap), bound_list
[WARNING] stderr:   File "/storage/emulated/0/documents/Python/News/kv/homeScreen.kv", line 60, in <module>
[WARNING] stderr:     height: root.minimum_height
[WARNING] stderr:   File "kivy/weakproxy.pyx", line 32, in kivy.weakproxy.WeakProxy.__getattr__
[WARNING] stderr: 
[WARNING] stderr: 
[WARNING] stderr: During handling of the above exception, another exception occurred:
[WARNING] stderr: 
[WARNING] stderr: Traceback (most recent call last):
[WARNING] stderr:   File "/storage/emulated/0/documents/Python/News/main.py", line 49, in <module>
[WARNING] stderr:     NewsApp().run()
[WARNING] stderr:   File "/data/user/0/ru.iiec.pydroid3/files/aarch64-linux-android/lib/python3.9/site-packages/kivy/app.py", line 949, in run
[WARNING] stderr:     self._run_prepare()
[WARNING] stderr:   File "/data/user/0/ru.iiec.pydroid3/files/aarch64-linux-android/lib/python3.9/site-packages/kivy/app.py", line 919, in _run_prepare
[WARNING] stderr:     root = self.build()
[WARNING] stderr:   File "/storage/emulated/0/documents/Python/News/main.py", line 34, in build
[WARNING] stderr:     return HomeScreen()
[WARNING] stderr:   File "/storage/emulated/0/documents/Python/News/main.py", line 22, in __init__
[WARNING] stderr:     super().__init__(**kw)
[WARNING] stderr:   File "/data/user/0/ru.iiec.pydroid3/files/aarch64-linux-android/lib/python3.9/site-packages/kivymd/uix/behaviors/declarative_behavior.py", line 311, in __init__
[WARNING] stderr:     super().__init__(**kwargs)
[WARNING] stderr:   File "/data/user/0/ru.iiec.pydroid3/files/aarch64-linux-android/lib/python3.9/site-packages/kivy/uix/relativelayout.py", line 274, in __init__
[WARNING] stderr:     super(RelativeLayout, self).__init__(**kw)
[WARNING] stderr:   File "/data/user/0/ru.iiec.pydroid3/files/aarch64-linux-android/lib/python3.9/site-packages/kivy/uix/floatlayout.py", line 65, in __init__
[WARNING] stderr:     super(FloatLayout, self).__init__(**kwargs)
[WARNING] stderr:   File "/data/user/0/ru.iiec.pydroid3/files/aarch64-linux-android/lib/python3.9/site-packages/kivy/uix/layout.py", line 76, in __init__
[WARNING] stderr:     super(Layout, self).__init__(**kwargs)
[WARNING] stderr:   File "/data/user/0/ru.iiec.pydroid3/files/aarch64-linux-android/lib/python3.9/site-packages/kivy/uix/widget.py", line 359, in __init__
[WARNING] stderr:     self.apply_class_lang_rules(
[WARNING] stderr:   File "/data/user/0/ru.iiec.pydroid3/files/aarch64-linux-android/lib/python3.9/site-packages/kivy/uix/widget.py", line 463, in apply_class_lang_rules
[WARNING] stderr:     Builder.apply(
[WARNING] stderr:   File "/data/user/0/ru.iiec.pydroid3/files/aarch64-linux-android/lib/python3.9/site-packages/kivy/lang/builder.py", line 541, in apply
[WARNING] stderr:     self._apply_rule(
[WARNING] stderr:   File "/data/user/0/ru.iiec.pydroid3/files/aarch64-linux-android/lib/python3.9/site-packages/kivy/lang/builder.py", line 710, in _apply_rule
[WARNING] stderr:     raise BuilderException(rule.ctx, rule.line,
[WARNING] stderr: kivy.lang.builder.BuilderException: Parser: File "/storage/emulated/0/documents/Python/News/kv/homeScreen.kv", line 60:
[WARNING] stderr: ...
[WARNING] stderr:      58:                    orientation: 'vertical'
[WARNING] stderr:      59:                    adaptive_height: True
[WARNING] stderr: >>   60:					height: root.minimum_height
[WARNING] stderr:      61:
[WARNING] stderr:      62:                    MDScrollView:
[WARNING] stderr: ...
[WARNING] stderr: BuilderException: Parser: File "/storage/emulated/0/documents/Python/News/kv/homeScreen.kv", line 60:
[WARNING] stderr: ...
[WARNING] stderr:      58:                    orientation: 'vertical'
[WARNING] stderr:      59:                    adaptive_height: True
[WARNING] stderr: >>   60:					height: root.minimum_height
[WARNING] stderr:      61:
[WARNING] stderr:      62:                    MDScrollView:
[WARNING] stderr: ...
[WARNING] stderr: AttributeError: 'HomeScreen' object has no attribute 'minimum_height'
[WARNING] stderr:   File "/data/user/0/ru.iiec.pydroid3/files/aarch64-linux-android/lib/python3.9/site-packages/kivy/lang/builder.py", line 242, in create_handler
[WARNING] stderr:     return eval(value, idmap), bound_list
[WARNING] stderr:   File "/storage/emulated/0/documents/Python/News/kv/homeScreen.kv", line 60, in <module>
[WARNING] stderr:     height: root.minimum_height
[WARNING] stderr:   File "kivy/weakproxy.pyx", line 32, in kivy.weakproxy.WeakProxy.__getattr__
[WARNING] stderr: 
[WARNING] stderr:   File "/data/user/0/ru.iiec.pydroid3/files/aarch64-linux-android/lib/python3.9/site-packages/kivy/lang/builder.py", line 695, in _apply_rule
[WARNING] stderr:     value, bound = create_handler(
[WARNING] stderr:   File "/data/user/0/ru.iiec.pydroid3/files/aarch64-linux-android/lib/python3.9/site-packages/kivy/lang/builder.py", line 245, in create_handler
[WARNING] stderr:     raise BuilderException(rule.ctx, rule.line,
[WARNING] stderr: 
